<?xml version="1.0"?>
<outer>
	<obsolete>Hello world 1</obsolete>
	<obsolete>Hello world 2</obsolete>
	<obsolete>Hello world 3</obsolete>
</outer>